<?xml version="1.0" encoding="UTF-8"?>
<!-- Generated by org.testng.reporters.JUnitXMLReporter -->
<testsuite hostname="ruichen.local" name="Chrome" tests="1" failures="1" timestamp="12 Oct 2016 15:24:13 GMT" time="24.139" errors="0">
  <testcase name="testJavaWebDriver" time="0.002" classname="tengr.tests.ChromeTest">
    <failure type="java.lang.ClassCastException" message="java.lang.ThreadLocal cannot be cast to org.openqa.selenium.WebElement">
      <![CDATA[java.lang.ClassCastException: java.lang.ThreadLocal cannot be cast to org.openqa.selenium.WebElement
	at tengr.tests.TestBase.testJavaWebDriver(TestBase.java:42)
	at java.util.concurrent.FutureTask.run(FutureTask.java:266)
	at java.util.concurrent.ThreadPoolExecutor.runWorker(ThreadPoolExecutor.java:1142)
	at java.util.concurrent.ThreadPoolExecutor$Worker.run(ThreadPoolExecutor.java:617)
	at java.lang.Thread.run(Thread.java:745)
... Removed 16 stack frames]]>
    </failure>
  </testcase> <!-- testJavaWebDriver -->
</testsuite> <!-- Chrome -->
