<?xml version="1.0" encoding="UTF-8"?>
<!-- Generated by org.testng.reporters.JUnitXMLReporter -->
<testsuite hostname="ua-unistudent-ten-9-131-221.uniaccess.unimelb.edu.au" name="IE" tests="1" failures="1" timestamp="11 Oct 2016 08:34:17 GMT" time="9.633" errors="0">
  <testcase name="testJavaWebDriver" time="0.015" classname="tengr.tests.IETest">
    <failure type="java.lang.ClassCastException" message="java.lang.ThreadLocal cannot be cast to org.openqa.selenium.WebElement">
      <![CDATA[java.lang.ClassCastException: java.lang.ThreadLocal cannot be cast to org.openqa.selenium.WebElement
	at tengr.tests.TestBase.testJavaWebDriver(TestBase.java:42)
	at java.util.concurrent.FutureTask.run(FutureTask.java:266)
	at java.util.concurrent.ThreadPoolExecutor.runWorker(ThreadPoolExecutor.java:1142)
	at java.util.concurrent.ThreadPoolExecutor$Worker.run(ThreadPoolExecutor.java:617)
	at java.lang.Thread.run(Thread.java:745)
... Removed 16 stack frames]]>
    </failure>
  </testcase> <!-- testJavaWebDriver -->
</testsuite> <!-- IE -->
